Wed Jun 12 13:42:49 [initandlisten] MongoDB starting : pid=476 port=27017 dbpath=/Users/chito/Google Drive/code/sprout/erp-june/data 64-bit host=chitombp
Wed Jun 12 13:42:49 [initandlisten] 
Wed Jun 12 13:42:49 [initandlisten] ** WARNING: soft rlimits too low. Number of files is 256, should be at least 1000
Wed Jun 12 13:42:49 [initandlisten] db version v2.2.0, pdfile version 4.5
Wed Jun 12 13:42:49 [initandlisten] git version: f5e83eae9cfbec7fb7a071321928f00d1b0c5207
Wed Jun 12 13:42:49 [initandlisten] build info: Darwin bs-osx-106-x86-64-1.local 10.8.0 Darwin Kernel Version 10.8.0: Tue Jun  7 16:33:36 PDT 2011; root:xnu-1504.15.3~1/RELEASE_I386 i386 BOOST_LIB_VERSION=1_49
Wed Jun 12 13:42:49 [initandlisten] options: { config: "erp.conf", dbpath: "data", fork: true, logpath: "logs/erp.log" }
Wed Jun 12 13:42:49 [initandlisten] journal dir=/Users/chito/Google Drive/code/sprout/erp-june/data/journal
Wed Jun 12 13:42:49 [initandlisten] recover begin
Wed Jun 12 13:42:49 [initandlisten] recover lsn: 16494877
Wed Jun 12 13:42:49 [initandlisten] recover /Users/chito/Google Drive/code/sprout/erp-june/data/journal/j._0
Wed Jun 12 13:42:49 [initandlisten] recover skipping application of section seq:161545 < lsn:16494877
Wed Jun 12 13:42:49 [initandlisten] recover skipping application of section seq:380905 < lsn:16494877
Wed Jun 12 13:42:49 [initandlisten] recover skipping application of section seq:600045 < lsn:16494877
Wed Jun 12 13:42:49 [initandlisten] recover skipping application of section seq:709525 < lsn:16494877
Wed Jun 12 13:42:49 [initandlisten] recover skipping application of section seq:764275 < lsn:16494877
Wed Jun 12 13:42:49 [initandlisten] recover skipping application of section seq:873725 < lsn:16494877
Wed Jun 12 13:42:49 [initandlisten] recover skipping application of section seq:928566 < lsn:16494877
Wed Jun 12 13:42:49 [initandlisten] recover skipping application of section seq:1257236 < lsn:16494877
Wed Jun 12 13:42:49 [initandlisten] recover skipping application of section seq:1366817 < lsn:16494877
Wed Jun 12 13:42:49 [initandlisten] recover skipping application of section more...
Wed Jun 12 13:42:51 [initandlisten] recover cleaning up
Wed Jun 12 13:42:51 [initandlisten] removeJournalFiles
Wed Jun 12 13:42:51 [initandlisten] recover done
Wed Jun 12 13:42:53 [initandlisten] waiting for connections on port 27017
Wed Jun 12 13:42:53 [websvr] admin web console waiting for connections on port 28017
Wed Jun 12 13:43:34 [initandlisten] connection accepted from 127.0.0.1:50175 #1 (1 connection now open)
Wed Jun 12 13:43:34 [initandlisten] connection accepted from 127.0.0.1:50176 #2 (2 connections now open)
Wed Jun 12 13:43:34 [initandlisten] connection accepted from 127.0.0.1:50177 #3 (3 connections now open)
Wed Jun 12 13:43:34 [initandlisten] connection accepted from 127.0.0.1:50178 #4 (4 connections now open)
Wed Jun 12 13:43:34 [initandlisten] connection accepted from 127.0.0.1:50179 #5 (5 connections now open)
Wed Jun 12 13:46:18 [conn2] ClientCursor::find(): cursor not found in map -1 (ok after a drop)
ClientCursor::find(): cursor not found in map -1 (ok after a drop)
ClientCursor::find(): cursor not found in map -1 (ok after a drop)
info DFM::findAll(): extent 0:7a000 was empty, skipping ahead. ns:erp.grant
Wed Jun 12 13:52:22 [conn3] ClientCursor::find(): cursor not found in map -1 (ok after a drop)
info DFM::findAll(): extent 0:7a000 was empty, skipping ahead. ns:erp.grant
Wed Jun 12 13:54:07 [conn4] warning: can't find plugin [asc]
Wed Jun 12 13:57:22 [conn1] ClientCursor::find(): cursor not found in map -1 (ok after a drop)
ClientCursor::find(): cursor not found in map -1 (ok after a drop)
info DFM::findAll(): extent 0:30000 was empty, skipping ahead. ns:erp.parameter
Wed Jun 12 14:24:26 [conn1] info DFM::findAll(): extent 0:7a000 was empty, skipping ahead. ns:erp.grant
Wed Jun 12 14:29:58 [conn5] ClientCursor::find(): cursor not found in map -1 (ok after a drop)
ClientCursor::find(): cursor not found in map -1 (ok after a drop)
ClientCursor::find(): cursor not found in map -1 (ok after a drop)
ClientCursor::find(): cursor not found in map -1 (ok after a drop)
ClientCursor::find(): cursor not found in map -1 (ok after a drop)
info DFM::findAll(): extent 0:30000 was empty, skipping ahead. ns:erp.parameter
Wed Jun 12 14:30:39 [conn4] ClientCursor::find(): cursor not found in map -1 (ok after a drop)
ClientCursor::find(): cursor not found in map -1 (ok after a drop)
end connection 127.0.0.1:50178 (4 connections now open)
Wed Jun 12 14:30:39 [conn5] end connection 127.0.0.1:50179 (4 connections now open)
Wed Jun 12 14:30:39 [conn2] ClientCursor::find(): cursor not found in map -1 (ok after a drop)
ClientCursor::find(): cursor not found in map -1 (ok after a drop)
ClientCursor::find(): cursor not found in map -1 (ok after a drop)
ClientCursor::find(): cursor not found in map -1 (ok after a drop)
ClientCursor::find(): cursor not found in map -1 (ok after a drop)
end connection 127.0.0.1:50176 (4 connections now open)
Wed Jun 12 14:30:39 [conn1] end connection 127.0.0.1:50175 (4 connections now open)
Wed Jun 12 14:30:39 [conn3] ClientCursor::find(): cursor not found in map -1 (ok after a drop)
ClientCursor::find(): cursor not found in map -1 (ok after a drop)
end connection 127.0.0.1:50177 (4 connections now open)
