Thu May 16 16:15:43 [initandlisten] MongoDB starting : pid=359 port=27017 dbpath=/Users/chito/Google Drive/code/sprout/erp-may/data 64-bit host=chitombp
Thu May 16 16:15:43 [initandlisten] 
Thu May 16 16:15:43 [initandlisten] ** WARNING: soft rlimits too low. Number of files is 256, should be at least 1000
Thu May 16 16:15:43 [initandlisten] db version v2.2.0, pdfile version 4.5
Thu May 16 16:15:43 [initandlisten] git version: f5e83eae9cfbec7fb7a071321928f00d1b0c5207
Thu May 16 16:15:43 [initandlisten] build info: Darwin bs-osx-106-x86-64-1.local 10.8.0 Darwin Kernel Version 10.8.0: Tue Jun  7 16:33:36 PDT 2011; root:xnu-1504.15.3~1/RELEASE_I386 i386 BOOST_LIB_VERSION=1_49
Thu May 16 16:15:43 [initandlisten] options: { config: "erp.conf", dbpath: "data", fork: true, logpath: "logs/erp.log" }
Thu May 16 16:15:43 [initandlisten] journal dir=/Users/chito/Google Drive/code/sprout/erp-may/data/journal
Thu May 16 16:15:43 [initandlisten] recover begin
Thu May 16 16:15:43 [initandlisten] recover lsn: 38143607
Thu May 16 16:15:43 [initandlisten] recover /Users/chito/Google Drive/code/sprout/erp-may/data/journal/j._0
Thu May 16 16:15:43 [initandlisten] recover skipping application of section seq:1530335 < lsn:38143607
Thu May 16 16:15:43 [initandlisten] recover skipping application of section seq:1639916 < lsn:38143607
Thu May 16 16:15:43 [initandlisten] recover skipping application of section seq:1749587 < lsn:38143607
Thu May 16 16:15:43 [initandlisten] recover skipping application of section seq:1804427 < lsn:38143607
Thu May 16 16:15:43 [initandlisten] recover skipping application of section seq:1859267 < lsn:38143607
Thu May 16 16:15:43 [initandlisten] recover skipping application of section seq:2956700 < lsn:38143607
Thu May 16 16:15:43 [initandlisten] recover skipping application of section seq:3175657 < lsn:38143607
Thu May 16 16:15:43 [initandlisten] recover skipping application of section seq:3230648 < lsn:38143607
Thu May 16 16:15:43 [initandlisten] recover skipping application of section seq:3285745 < lsn:38143607
Thu May 16 16:15:43 [initandlisten] recover skipping application of section more...
Thu May 16 16:15:43 [initandlisten] recover cleaning up
Thu May 16 16:15:43 [initandlisten] removeJournalFiles
Thu May 16 16:15:43 [initandlisten] recover done
Thu May 16 16:15:45 [websvr] admin web console waiting for connections on port 28017
Thu May 16 16:15:45 [initandlisten] waiting for connections on port 27017
Thu May 16 16:16:46 got signal 15 (Terminated: 15), will terminate after current cmd ends
Thu May 16 16:16:46 [interruptThread] now exiting
Thu May 16 16:16:46 dbexit: 
Thu May 16 16:16:46 [interruptThread] shutdown: going to close listening sockets...
Thu May 16 16:16:46 [interruptThread] closing listening socket: 6
Thu May 16 16:16:46 [interruptThread] closing listening socket: 7
Thu May 16 16:16:46 [interruptThread] closing listening socket: 8
Thu May 16 16:16:46 [interruptThread] removing socket file: /tmp/mongodb-27017.sock
Thu May 16 16:16:46 [interruptThread] shutdown: going to flush diaglog...
Thu May 16 16:16:46 [interruptThread] shutdown: going to close sockets...
Thu May 16 16:16:46 [interruptThread] shutdown: waiting for fs preallocator...
Thu May 16 16:16:46 [interruptThread] shutdown: lock for final commit...
Thu May 16 16:16:46 [interruptThread] shutdown: final commit...
Thu May 16 16:16:46 [interruptThread] shutdown: closing all files...
Thu May 16 16:16:46 [interruptThread] closeAllFiles() finished
Thu May 16 16:16:46 [interruptThread] journalCleanup...
Thu May 16 16:16:46 [interruptThread] removeJournalFiles
Thu May 16 16:16:46 [interruptThread] shutdown: removing fs lock...
Thu May 16 16:16:46 dbexit: really exiting now
